Sun Apr 08 2018 21:39:55 GMT+0800 (Malay Peninsula Standard Time) : GET /about
Sun Apr 08 2018 21:45:01 GMT+0800 (Malay Peninsula Standard Time) : GET /about
Sun Apr 08 2018 21:50:04 GMT+0800 (Malay Peninsula Standard Time) : GET /about
Sun Apr 08 2018 21:50:18 GMT+0800 (Malay Peninsula Standard Time) : GET /about
Sun Apr 08 2018 21:56:31 GMT+0800 (Malay Peninsula Standard Time) : GET /about
Sun Apr 08 2018 21:56:32 GMT+0800 (Malay Peninsula Standard Time) : GET /about
Sun Apr 08 2018 21:56:33 GMT+0800 (Malay Peninsula Standard Time) : GET /about
Sun Apr 08 2018 21:56:35 GMT+0800 (Malay Peninsula Standard Time) : GET /
Sun Apr 08 2018 21:56:38 GMT+0800 (Malay Peninsula Standard Time) : GET /about
Sun Apr 08 2018 21:57:11 GMT+0800 (Malay Peninsula Standard Time) : GET /
Sun Apr 08 2018 21:57:53 GMT+0800 (Malay Peninsula Standard Time) : GET /help.html
Sun Apr 08 2018 21:58:02 GMT+0800 (Malay Peninsula Standard Time) : GET /help.html
Sun Apr 08 2018 22:04:18 GMT+0800 (Malay Peninsula Standard Time) : GET /help.html
Sun Apr 08 2018 22:04:22 GMT+0800 (Malay Peninsula Standard Time) : GET /
Sun Apr 08 2018 22:04:25 GMT+0800 (Malay Peninsula Standard Time) : GET /about
Sun Apr 08 2018 22:04:26 GMT+0800 (Malay Peninsula Standard Time) : GET /
Sun Apr 08 2018 22:04:27 GMT+0800 (Malay Peninsula Standard Time) : GET /about
Sun Apr 08 2018 23:50:54 GMT+0800 (Malay Peninsula Standard Time) : GET /
Sun Apr 08 2018 23:50:56 GMT+0800 (Malay Peninsula Standard Time) : GET /about
Sun Apr 08 2018 23:50:56 GMT+0800 (Malay Peninsula Standard Time) : GET /
Mon Apr 09 2018 00:19:03 GMT+0800 (Malay Peninsula Standard Time) : GET /
Mon Apr 09 2018 00:19:10 GMT+0800 (Malay Peninsula Standard Time) : GET /help.html
Mon Apr 09 2018 00:19:38 GMT+0800 (Malay Peninsula Standard Time) : GET /help.html
Mon Apr 09 2018 00:21:11 GMT+0800 (Malay Peninsula Standard Time) : GET /help.html
Mon Apr 09 2018 00:21:12 GMT+0800 (Malay Peninsula Standard Time) : GET /help.html
Mon Apr 09 2018 00:24:12 GMT+0800 (Malay Peninsula Standard Time) : GET /projects
Mon Apr 09 2018 00:24:28 GMT+0800 (Malay Peninsula Standard Time) : GET /projects
Mon Apr 09 2018 00:24:44 GMT+0800 (Malay Peninsula Standard Time) : GET /projects
Mon Apr 09 2018 00:25:21 GMT+0800 (Malay Peninsula Standard Time) : GET /projects
Mon Apr 09 2018 00:25:22 GMT+0800 (Malay Peninsula Standard Time) : GET /projects
Mon Apr 09 2018 00:25:37 GMT+0800 (Malay Peninsula Standard Time) : GET /
Mon Apr 09 2018 00:25:37 GMT+0800 (Malay Peninsula Standard Time) : GET /about
Mon Apr 09 2018 00:25:38 GMT+0800 (Malay Peninsula Standard Time) : GET /
Mon Apr 09 2018 00:25:39 GMT+0800 (Malay Peninsula Standard Time) : GET /about
Mon Apr 09 2018 00:25:40 GMT+0800 (Malay Peninsula Standard Time) : GET /about
Mon Apr 09 2018 00:25:40 GMT+0800 (Malay Peninsula Standard Time) : GET /about
Mon Apr 09 2018 00:25:40 GMT+0800 (Malay Peninsula Standard Time) : GET /about
Mon Apr 09 2018 00:26:11 GMT+0800 (Malay Peninsula Standard Time) : GET /about
Mon Apr 09 2018 00:26:13 GMT+0800 (Malay Peninsula Standard Time) : GET /projects
Mon Apr 09 2018 00:26:13 GMT+0800 (Malay Peninsula Standard Time) : GET /about
Mon Apr 09 2018 00:26:14 GMT+0800 (Malay Peninsula Standard Time) : GET /
Mon Apr 09 2018 00:26:16 GMT+0800 (Malay Peninsula Standard Time) : GET /about
Mon Apr 09 2018 00:26:33 GMT+0800 (Malay Peninsula Standard Time) : GET /about
Mon Apr 09 2018 00:26:33 GMT+0800 (Malay Peninsula Standard Time) : GET /
Mon Apr 09 2018 00:26:34 GMT+0800 (Malay Peninsula Standard Time) : GET /about
Mon Apr 09 2018 00:26:34 GMT+0800 (Malay Peninsula Standard Time) : GET /projects
Mon Apr 09 2018 00:26:35 GMT+0800 (Malay Peninsula Standard Time) : GET /
Mon Apr 09 2018 00:26:35 GMT+0800 (Malay Peninsula Standard Time) : GET /about
Mon Apr 09 2018 00:26:36 GMT+0800 (Malay Peninsula Standard Time) : GET /about
Mon Apr 09 2018 00:26:36 GMT+0800 (Malay Peninsula Standard Time) : GET /projects
Mon Apr 09 2018 00:26:37 GMT+0800 (Malay Peninsula Standard Time) : GET /
